# JRE version: OpenJDK Runtime Environment (17.0.8) (build 17.0.8+0--10799086)
# Java VM: OpenJDK 64-Bit Server VM (17.0.8+0--10799086, mixed mode, tiered, compressed oops, compressed class ptrs, g1 gc, windows-amd64)
GC Precious Log:
 CPUs: 4 total, 4 available
 Memory: 3901M
 Large Page Support: Disabled
 NUMA Support: Disabled
 Compressed Oops: Enabled (32-bit)
 Heap Region Size: 1M
 Heap Min Capacity: 8M
 Heap Initial Capacity: 62M
 Heap Max Capacity: 2G
 Pre-touch: Disabled
 Parallel Workers: 4
 Concurrent Workers: 1
 Concurrent Refinement Workers: 4
 Periodic GC: Disabled
Heap:
 garbage-first heap   total 612352K, used 189555K [0x0000000080000000, 0x0000000100000000)
  region size 1024K, 24 young (24576K), 2 survivors (2048K)
 Metaspace       used 162225K, committed 163072K, reserved 1245184K
  class space    used 20917K, committed 21312K, reserved 1048576K
GC Heap History (20 events):
Event: 145.975 GC heap before
{Heap before GC invocations=143 (full 0):
 garbage-first heap   total 211968K, used 185661K [0x0000000080000000, 0x0000000100000000)
  region size 1024K, 11 young (11264K), 2 survivors (2048K)
 Metaspace       used 150873K, committed 151680K, reserved 1245184K
  class space    used 19395K, committed 19776K, reserved 1048576K
}
Event: 145.979 GC heap after
{Heap after GC invocations=144 (full 0):
 garbage-first heap   total 211968K, used 177728K [0x0000000080000000, 0x0000000100000000)
  region size 1024K, 1 young (1024K), 1 survivors (1024K)
 Metaspace       used 150873K, committed 151680K, reserved 1245184K
  class space    used 19395K, committed 19776K, reserved 1048576K
}
Event: 146.356 GC heap before
{Heap before GC invocations=144 (full 0):
 garbage-first heap   total 211968K, used 187968K [0x0000000080000000, 0x0000000100000000)
  region size 1024K, 11 young (11264K), 1 survivors (1024K)
 Metaspace       used 151514K, committed 152320K, reserved 1245184K
  class space    used 19502K, committed 19840K, reserved 1048576K
}
Event: 146.360 GC heap after
{Heap after GC invocations=145 (full 0):
 garbage-first heap   total 211968K, used 178216K [0x0000000080000000, 0x0000000100000000)
  region size 1024K, 2 young (2048K), 2 survivors (2048K)
 Metaspace       used 151514K, committed 152320K, reserved 1245184K
  class space    used 19502K, committed 19840K, reserved 1048576K
}
Event: 146.388 GC heap before
{Heap before GC invocations=145 (full 0):
 garbage-first heap   total 211968K, used 178216K [0x0000000080000000, 0x0000000100000000)
  region size 1024K, 3 young (3072K), 2 survivors (2048K)
 Metaspace       used 151563K, committed 152320K, reserved 1245184K
  class space    used 19508K, committed 19840K, reserved 1048576K
}
Event: 146.400 GC heap after
{Heap after GC invocations=146 (full 0):
 garbage-first heap   total 211968K, used 178162K [0x0000000080000000, 0x0000000100000000)
  region size 1024K, 1 young (1024K), 1 survivors (1024K)
 Metaspace       used 151563K, committed 152320K, reserved 1245184K
  class space    used 19508K, committed 19840K, reserved 1048576K
}
Event: 147.005 GC heap before
{Heap before GC invocations=146 (full 0):
 garbage-first heap   total 211968K, used 191474K [0x0000000080000000, 0x0000000100000000)
  region size 1024K, 10 young (10240K), 1 survivors (1024K)
 Metaspace       used 152081K, committed 152960K, reserved 1245184K
  class space    used 19591K, committed 19968K, reserved 1048576K
}
Event: 147.009 GC heap after
{Heap after GC invocations=147 (full 0):
 garbage-first heap   total 211968K, used 183119K [0x0000000080000000, 0x0000000100000000)
  region size 1024K, 2 young (2048K), 2 survivors (2048K)
 Metaspace       used 152081K, committed 152960K, reserved 1245184K
  class space    used 19591K, committed 19968K, reserved 1048576K
}
Event: 147.498 GC heap before
{Heap before GC invocations=147 (full 0):
 garbage-first heap   total 211968K, used 191311K [0x0000000080000000, 0x0000000100000000)
  region size 1024K, 10 young (10240K), 2 survivors (2048K)
 Metaspace       used 152690K, committed 153536K, reserved 1245184K
  class space    used 19683K, committed 20032K, reserved 1048576K
}
Event: 147.505 GC heap after
{Heap after GC invocations=148 (full 0):
 garbage-first heap   total 211968K, used 183408K [0x0000000080000000, 0x0000000100000000)
  region size 1024K, 2 young (2048K), 2 survivors (2048K)
 Metaspace       used 152690K, committed 153536K, reserved 1245184K
  class space    used 19683K, committed 20032K, reserved 1048576K
}
Event: 148.786 GC heap before
{Heap before GC invocations=149 (full 0):
 garbage-first heap   total 306176K, used 191600K [0x0000000080000000, 0x0000000100000000)
  region size 1024K, 14 young (14336K), 2 survivors (2048K)
 Metaspace       used 153495K, committed 154304K, reserved 1245184K
  class space    used 19805K, committed 20160K, reserved 1048576K
}
Event: 148.806 GC heap after
{Heap after GC invocations=150 (full 0):
 garbage-first heap   total 306176K, used 180521K [0x0000000080000000, 0x0000000100000000)
  region size 1024K, 2 young (2048K), 2 survivors (2048K)
 Metaspace       used 153495K, committed 154304K, reserved 1245184K
  class space    used 19805K, committed 20160K, reserved 1048576K
}
Event: 149.941 GC heap before
{Heap before GC invocations=150 (full 0):
 garbage-first heap   total 306176K, used 191785K [0x0000000080000000, 0x0000000100000000)
  region size 1024K, 14 young (14336K), 2 survivors (2048K)
 Metaspace       used 154330K, committed 155136K, reserved 1245184K
  class space    used 19927K, committed 20288K, reserved 1048576K
}
Event: 150.014 GC heap after
{Heap after GC invocations=151 (full 0):
 garbage-first heap   total 306176K, used 166822K [0x0000000080000000, 0x0000000100000000)
  region size 1024K, 1 young (1024K), 1 survivors (1024K)
 Metaspace       used 154330K, committed 155136K, reserved 1245184K
  class space    used 19927K, committed 20288K, reserved 1048576K
}
Event: 153.207 GC heap before
{Heap before GC invocations=151 (full 0):
 garbage-first heap   total 306176K, used 257958K [0x0000000080000000, 0x0000000100000000)
  region size 1024K, 89 young (91136K), 1 survivors (1024K)
 Metaspace       used 155087K, committed 155968K, reserved 1245184K
  class space    used 20006K, committed 20416K, reserved 1048576K
}
Event: 153.268 GC heap after
{Heap after GC invocations=152 (full 0):
 garbage-first heap   total 612352K, used 177100K [0x0000000080000000, 0x0000000100000000)
  region size 1024K, 11 young (11264K), 11 survivors (11264K)
 Metaspace       used 155087K, committed 155968K, reserved 1245184K
  class space    used 20006K, committed 20416K, reserved 1048576K
}
Event: 160.324 GC heap before
{Heap before GC invocations=153 (full 0):
 garbage-first heap   total 612352K, used 278476K [0x0000000080000000, 0x0000000100000000)
  region size 1024K, 111 young (113664K), 11 survivors (11264K)
 Metaspace       used 158895K, committed 159680K, reserved 1245184K
  class space    used 20300K, committed 20672K, reserved 1048576K
}
Event: 160.349 GC heap after
{Heap after GC invocations=154 (full 0):
 garbage-first heap   total 612352K, used 170144K [0x0000000080000000, 0x0000000100000000)
  region size 1024K, 2 young (2048K), 2 survivors (2048K)
 Metaspace       used 158895K, committed 159680K, reserved 1245184K
  class space    used 20300K, committed 20672K, reserved 1048576K
}
Event: 161.530 GC heap before
{Heap before GC invocations=154 (full 0):
 garbage-first heap   total 612352K, used 198816K [0x0000000080000000, 0x0000000100000000)
  region size 1024K, 29 young (29696K), 2 survivors (2048K)
 Metaspace       used 160615K, committed 161472K, reserved 1245184K
  class space    used 20552K, committed 20928K, reserved 1048576K
}
Event: 161.544 GC heap after
{Heap after GC invocations=155 (full 0):
 garbage-first heap   total 612352K, used 168051K [0x0000000080000000, 0x0000000100000000)
  region size 1024K, 2 young (2048K), 2 survivors (2048K)
 Metaspace       used 160615K, committed 161472K, reserved 1245184K
  class space    used 20552K, committed 20928K, reserved 1048576K
}

